(c) Copyright IBM Corporation 1993,2007
Command Line Processor for DB2 Client 11.5.4.0

You can issue database manager commands and SQL statements from the command 
prompt. For example:
    db2 => connect to sample
    db2 => bind sample.bnd

For general help, type: ?.
For command help, type: ? command, where command can be
the first few keywords of a database manager command. For example:
 ? CATALOG DATABASE for help on the CATALOG DATABASE command
 ? CATALOG          for help on all of the CATALOG commands.

To exit db2 interactive mode, type QUIT at the command prompt. Outside 
interactive mode, all commands must be prefixed with 'db2'.
To list the current command option settings, type LIST COMMAND OPTIONS.

For more detailed help, refer to the Online Reference Manual.

db2 => db2 => db2 => db2 => db2 => CONNECT TO cs421

   Database Connection Information

 Database server        = DB2/LINUXX8664 11.5.4.0
 SQL authorization ID   = MMESAM1
 Local database alias   = CS421


db2 => db2 => db2 => db2 => db2 => db2 => db2 => db2 => db2 => Drop TABLE MidWifePregnancyRecord
DB20000I  The SQL command completed successfully.

db2 => DROP TABLE BABY
DB20000I  The SQL command completed successfully.

db2 => DROP table Pregnancy
DB20000I  The SQL command completed successfully.

db2 => Drop Table Test
DB20000I  The SQL command completed successfully.

db2 => Drop Table LabTechnician
DB20000I  The SQL command completed successfully.

db2 => Drop Table Notes
DB20000I  The SQL command completed successfully.

db2 => Drop Table MeetingRecord
DB20000I  The SQL command completed successfully.

db2 => Drop Table Appointments
DB20000I  The SQL command completed successfully.

db2 => Drop Table SessionAttendanceFather
DB20000I  The SQL command completed successfully.

db2 => Drop Table SessionAttendanceMother
DB20000I  The SQL command completed successfully.

db2 => Drop Table InfoSession
DB20000I  The SQL command completed successfully.

db2 => Drop Table Midwife
DB20000I  The SQL command completed successfully.

db2 => Drop Table BirthingCenter
DB20000I  The SQL command completed successfully.

db2 => Drop Table Clinic
DB20000I  The SQL command completed successfully.

db2 => Drop TABLE HealthCareInstitute
DB20000I  The SQL command completed successfully.

db2 => Drop Table Couple
DB20000I  The SQL command completed successfully.

db2 => Drop Table Father
DB20000I  The SQL command completed successfully.

db2 => Drop Table Mother
DB20000I  The SQL command completed successfully.

db2 => 